<?xml version="1.0" encoding="UTF-8"?>
<!-- Generated by org.testng.reporters.JUnitReportReporter -->
<testsuite hostname="DESKTOP-05D8OLN" failures="0" tests="1" name="postforjob.PostMuralJob" time="13.534" errors="0" timestamp="2024-06-19T02:04:02 IST" skipped="0">
  <testcase classname="postforjob.PostMuralJob" name="postjobTest" time="13.534"/>
</testsuite> <!-- postforjob.PostMuralJob -->
